<?xml version="1.0" encoding="UTF-8"?>
<!-- Generated by org.testng.reporters.JUnitReportReporter -->
<testsuite hostname="DESKTOP-VOMLJG4" failures="0" tests="1" name="com.spiceJet.Tests.VerifyLoginTest" time="7.484" errors="0" timestamp="2022-04-20T13:01:34 PDT" skipped="0">
  <testcase classname="com.spiceJet.Tests.VerifyLoginTest" name="validateLoginPage" time="7.484"/>
  <system-out/>
</testsuite> <!-- com.spiceJet.Tests.VerifyLoginTest -->
