<?xml version="1.0" encoding="UTF-8"?>
<!-- Generated by org.testng.reporters.JUnitReportReporter -->
<testsuite hostname="DESKTOP-VOMLJG4" failures="0" tests="1" name="com.EDUbank.Tests.VerifyLoginTest" time="6.063" errors="0" timestamp="2022-04-20T12:30:01 PDT" skipped="0">
  <testcase classname="com.EDUbank.Tests.VerifyLoginTest" name="validateLoginPage" time="6.063"/>
  <system-out/>
</testsuite> <!-- com.EDUbank.Tests.VerifyLoginTest -->
